<?xml version="1.0" encoding="UTF-8"?>
<testng-results skipped="0" failed="0" ignored="0" total="1" passed="1">
  <reporter-output>
  </reporter-output>
  <suite name="Suite" duration-ms="14340" started-at="2020-03-07T19:54:31 MEZ" finished-at="2020-03-07T19:54:45 MEZ">
    <groups>
    </groups>
    <test name="Test" duration-ms="14340" started-at="2020-03-07T19:54:31 MEZ" finished-at="2020-03-07T19:54:45 MEZ">
      <class name="com.selenium.search.automation.TestSearch">
        <test-method status="PASS" signature="invokeBrowser()[pri:0, instance:com.selenium.search.automation.TestSearch@dc24521]" name="invokeBrowser" is-config="true" duration-ms="6461" started-at="2020-03-07T19:54:31 MEZ" finished-at="2020-03-07T19:54:37 MEZ">
          <reporter-output>
          </reporter-output>
        </test-method> <!-- invokeBrowser -->
        <test-method status="PASS" signature="verifySearch()[pri:0, instance:com.selenium.search.automation.TestSearch@dc24521]" name="verifySearch" duration-ms="6700" started-at="2020-03-07T19:54:37 MEZ" finished-at="2020-03-07T19:54:44 MEZ">
          <reporter-output>
          </reporter-output>
        </test-method> <!-- verifySearch -->
        <test-method status="PASS" signature="closeBrowser()[pri:0, instance:com.selenium.search.automation.TestSearch@dc24521]" name="closeBrowser" is-config="true" duration-ms="1158" started-at="2020-03-07T19:54:44 MEZ" finished-at="2020-03-07T19:54:45 MEZ">
          <reporter-output>
          </reporter-output>
        </test-method> <!-- closeBrowser -->
      </class> <!-- com.selenium.search.automation.TestSearch -->
    </test> <!-- Test -->
  </suite> <!-- Suite -->
</testng-results>
